Tekst: boskie URL: https://demotywatory.pl EMAIL: mehowpol@gmail.com
Tekst: Jako URL: https://demotywatory.pl EMAIL: mehowpol@gmail.com
Tekst: Jako URL: https://demotywatory.pl/ EMAIL: mehowpol@gmail.com
Tekst: Jako URL: https://demotywatory.pl/ EMAIL: cos@cos.cos
Tekst: Jako URL: https://demotywatory.pl/ EMAIL: cos@cos.cos
Tekst: Jako URL: https://demotywatory.pl/ EMAIL: mehowpol@gmail.com
Tekst: Wiosna URL: https://demotywatory.pl EMAIL: mehowpol@gmail.com
Tekst: kot URL: https://demotywatory.pl EMAIL: mehowpol@gmail.com
Tekst: Wiosna URL: https://demotywatory.pl EMAIL: mehowpol@gmail.com
Tekst: Wiosna URL: https://demotywatory.pl EMAIL: mehowpol@gmail.com
Tekst: Wiosna URL: https://demotywatory.pl EMAIL: mehowpol@gmail.com
Tekst: Wiosna URL: https://demotywatory.pl EMAIL: mehowpol@gmail.com
Tekst: Wiosna URL: https://demotywatory.pl EMAIL: mehowpol@meoh.pl
Tekst: Wiosna URL: https://demotywatory.pl EMAIL: mehowpol@meoh.pl
Tekst: Wiosna URL: https://demotywatory.pl EMAIL: meho@m.m
Tekst: Wiosna URL: https://demotywatory.pl EMAIL: meho@m.m
Tekst: Wiosna URL: https://demotywatory.pl EMAIL: mehowpo@po.po
Tekst: Wiosna URL: https://demotywatory.pl EMAIL: mehowpo@po.po
Tekst: Wiosna URL: https://demotywatory.pl EMAIL: meh@meh.pl
Tekst: Wiosna URL: https://demotywatory.pl EMAIL: meh@meh.pl
Tekst: Wiosna URL: https://demotywatory.pl EMAIL: meh@meh.pl
Tekst: Wiosna URL: https://demotywatory.pl EMAIL: meh@meh.pl
Tekst: Wiosna URL: https://demotywatory.pl EMAIL: meh@meg.pl
Tekst: Wiosna URL: https://demotywatory.pl EMAIL: meh@meg.pl
Tekst: Wiosna URL: https://demotywatory.pl EMAIL: meho@me.pl
Tekst: oblicze URL: http://demotywatory.pl EMAIL: mehowpol@gmail.com
Tekst: oblicze URL: http://demotywatory.pl EMAIL: mehowpol@gmail.com
Tekst: oblicze URL: http://demotywatory.pl EMAIL: mehowpol@gmail.com
Tekst: oblicze URL: http://demotywatory.pl EMAIL: mehowpol@gmail.com
Tekst: oblicze URL: https://demotywatory.pl EMAIL: mehowpol@gmail.com
Tekst: oblicze URL: https://demotywatory.pl EMAIL: mehowpol@gmail.com
Tekst: oblicze URL: https://demotywatory.pl EMAIL: mehowpol@gmail.com
Tekst: oblicze URL: https://demotywatory.pl EMAIL: mehowpol@gmail.com
Tekst: oblicze URL: https://demotywatory.pl EMAIL: mehowpol@gmail.com
Tekst: oblicze URL: https://demotywatory.pl EMAIL: mehowpol@gmail.com
Tekst: oblicze URL: https://demotywatory.pl EMAIL: mehowpol@gmail.com
Tekst: oblicze URL: https://demotywatory.pl EMAIL: mehowpol@gmail.com
Tekst: oblicze URL: https://demotywatory.pl EMAIL: mehowpol@gmail.com
Tekst: oblicze URL: https://demotywatory.pl EMAIL: mehowpol@gmail.com
Tekst: oblicze URL: https://demotywatory.pl EMAIL: mehowpol@gmail.com
Tekst: oblicze URL: https://demotywatory.pl EMAIL: mehowpol@gmail.com
Tekst: oblicze URL: https://demotywatory.pl EMAIL: mehowpol@gmail.com
Tekst: oblicze URL: https://demotywatory.pl EMAIL: mehowpol@gmail.com
Tekst: rzeczy URL: http://demotywatory.pl EMAIL: mehowpol@gmail.com
Tekst: rzeczy URL: http://demotywatory.pl EMAIL: mehowpol@gmail.com
Tekst: rzeczy URL: http://demotywatory.pl EMAIL: mehowpol@gmail.com
Tekst: rzeczy URL: http://demotywatory.pl EMAIL: mehowpol@gmail.com
Tekst: rzeczy URL: http://demotywatory.pl EMAIL: mehowpol@gmail.com
Tekst: rzeczy URL: http://demotywatory.pl EMAIL: mehowpol@gmail.com
